Command: ./simv -ucli -do simv.tcl -l ../reports/csd_add_subb.basic_test.simv.log +TESTSEED=1239938714 +VERBOSITY=0
Chronologic VCS simulator copyright 1991-2014
Contains Synopsys proprietary information.
Compiler version I-2014.03; Runtime version I-2014.03;  Apr 16 18:39 2016
ucli% run

*******************************************************
Test Seed:  1239938714
*******************************************************

convierto          -2 a BS: 1000
convierto          -1 a BS: 0010
convierto           0 a BS: 0000
convierto           1 a BS: 0001
convierto           2 a BS: 0100
Time =        0 tb_a = 00 tb_b = 00 tb_s = 00 wire_s = 11

Time =     1000 tb_a = 00 tb_b = 01 tb_s = 01 wire_s = 01

Time =     2000 tb_a = 00 tb_b = 10 tb_s = 10 wire_s = 10

[3] ERROR: 	Expected result: 00 10
		Obtained result: 01 10		. Instance: tb_csd_add_subb.load_operands_test

Time =     3000 tb_a = 00 tb_b = 00 tb_s = 00 wire_s = 11

Time =     4000 tb_a = 01 tb_b = 00 tb_s = 01 wire_s = 01

Time =     5000 tb_a = 01 tb_b = 01 tb_s = 00 wire_s = 11

Time =     6000 tb_a = 01 tb_b = 10 tb_s = 00 wire_s = 11

Time =     7000 tb_a = 01 tb_b = 00 tb_s = 01 wire_s = 01

Time =     8000 tb_a = 10 tb_b = 00 tb_s = 10 wire_s = 10

[9] ERROR: 	Expected result: 00 10
		Obtained result: 01 10		. Instance: tb_csd_add_subb.load_operands_test

Time =     9000 tb_a = 10 tb_b = 01 tb_s = 00 wire_s = 11

[10] ERROR: 	Expected result: 00 00
		Obtained result: 01 00		. Instance: tb_csd_add_subb.load_operands_test

Time =    10000 tb_a = 10 tb_b = 10 tb_s = 00 wire_s = 11

[11] ERROR: 	Expected result: 10 00
		Obtained result: 00 00		. Instance: tb_csd_add_subb.load_operands_test

Time =    11000 tb_a = 10 tb_b = 00 tb_s = 10 wire_s = 10

[12] ERROR: 	Expected result: 00 10
		Obtained result: 01 10		. Instance: tb_csd_add_subb.load_operands_test

Time =    12000 tb_a = 00 tb_b = 00 tb_s = 00 wire_s = 11

Time =    13000 tb_a = 00 tb_b = 01 tb_s = 01 wire_s = 01

Time =    14000 tb_a = 00 tb_b = 10 tb_s = 10 wire_s = 10

[15] ERROR: 	Expected result: 00 10
		Obtained result: 01 10		. Instance: tb_csd_add_subb.load_operands_test

Time =    15000 tb_a = 00 tb_b = 00 tb_s = 00 wire_s = 11

Time =    17000 tb_a = 00 tb_b = 01 tb_s = 01 wire_s = 01

Time =    18000 tb_a = 00 tb_b = 10 tb_s = 10 wire_s = 10

[19] ERROR: 	Expected result: 00 10
		Obtained result: 01 10		. Instance: tb_csd_add_subb.load_operands_test

Time =    19000 tb_a = 00 tb_b = 11 tb_s = 00 wire_s = 11

[20] ERROR: 	Expected result: 00 00
		Obtained result: 01 00		. Instance: tb_csd_add_subb.load_operands_test

Time =    20000 tb_a = 01 tb_b = 00 tb_s = 01 wire_s = 01

Time =    21000 tb_a = 01 tb_b = 01 tb_s = 00 wire_s = 11

Time =    22000 tb_a = 01 tb_b = 10 tb_s = 00 wire_s = 11

Time =    23000 tb_a = 01 tb_b = 11 tb_s = 01 wire_s = 01

Time =    24000 tb_a = 10 tb_b = 00 tb_s = 10 wire_s = 10

[25] ERROR: 	Expected result: 00 10
		Obtained result: 01 10		. Instance: tb_csd_add_subb.load_operands_test

Time =    25000 tb_a = 10 tb_b = 01 tb_s = 00 wire_s = 11

[26] ERROR: 	Expected result: 00 00
		Obtained result: 01 00		. Instance: tb_csd_add_subb.load_operands_test

Time =    26000 tb_a = 10 tb_b = 10 tb_s = 00 wire_s = 11

[27] ERROR: 	Expected result: 10 00
		Obtained result: 00 00		. Instance: tb_csd_add_subb.load_operands_test

Time =    27000 tb_a = 10 tb_b = 11 tb_s = 10 wire_s = 10

[28] ERROR: 	Expected result: 00 10
		Obtained result: 01 10		. Instance: tb_csd_add_subb.load_operands_test

Time =    28000 tb_a = 11 tb_b = 00 tb_s = 00 wire_s = 11

Time =    29000 tb_a = 11 tb_b = 01 tb_s = 01 wire_s = 01

Time =    30000 tb_a = 11 tb_b = 10 tb_s = 10 wire_s = 10

[31] ERROR: 	Expected result: 00 10
		Obtained result: 01 10		. Instance: tb_csd_add_subb.load_operands_test

Time =    31000 tb_a = 11 tb_b = 11 tb_s = 00 wire_s = 11

[32] ERROR: 	Expected result: 00 00
		Obtained result: 01 00		. Instance: tb_csd_add_subb.load_operands_test



TIME     : 32
WARNINGS : 0
ERRORS   : 14
INFOS    : 0
NOTES    : 0
MESSAGES : 14
TESTSEED : 1239938714


............. TEST FAILED .............
    _________    ____   __________
   / ____/   |  / / /  / ____/ __ \
  / /__ / /| | / / /  / __/ / / / /
 / ___// ___ |/ / /__/ /___/ /_/ /
/_/   /_/  |_/_/____/_____/_____/

............. TEST FAILED .............


$finish called from file "./temp/tb_csd_add_subb.v", line 237.
$finish at simulation time                32000
           V C S   S i m u l a t i o n   R e p o r t 
Time: 32000 ps
CPU Time:      0.150 seconds;       Data structure size:   0.0Mb
Sat Apr 16 18:39:53 2016
